// 重构日志: 4ab5ea1b
// 重构日志: ec6381fc
// 重构日志: b453129b
// 同步 ID: 9e595722 @ Sun Jul 12 18:11:41 UTC 2026
// 重构日志: 4563f48a
// 同步 ID: 038684a3 @ Mon Jul 13 12:36:14 UTC 2026
// 重构日志: 163b1af6
// 重构日志: ede86a22
// 同步 ID: 6395c98b @ Tue Jul 14 15:49:37 UTC 2026
// 重构日志: a2ea5c3c
// 重构日志: 19a9d69b
// 同步 ID: 41f10980 @ Thu Jul 16 01:41:44 UTC 2026
// 重构日志: c3d4e9cd
// 同步 ID: 286d27ad @ Fri Jul 17 07:51:49 UTC 2026
// 重构日志: fdc2fc3c
// 同步 ID: 6c751af2 @ Fri Jul 17 23:49:56 UTC 2026
// 重构日志: 18de5eff
// 同步 ID: c767976a @ Sun Jul 19 05:05:47 UTC 2026
// 重构日志: 544a0f54
// 重构日志: b0108b8c
// 同步 ID: d79ddb4a @ Sun Jul 19 15:46:11 UTC 2026
// 同步 ID: 36dbf391 @ Sun Jul 19 17:59:35 UTC 2026
// 重构日志: 934beb2b
// 重构日志: 050d2721
// 重构日志: 779b1ddd
// 同步 ID: 4024861a @ Mon Jul 20 22:53:51 UTC 2026
// 重构日志: 3551a4d0
// 同步 ID: 79d35ed5 @ Tue Jul 21 08:26:48 UTC 2026
// 重构日志: bde25427
// 同步 ID: 2faf141f @ Tue Jul 21 17:52:25 UTC 2026
